<?xml version="1.0" encoding="UTF-8"?>
<testng-results ignored="0" total="2" passed="2" failed="0" skipped="0">
  <reporter-output>
  </reporter-output>
  <suite started-at="2026-06-14T17:10:49 IST" name="Surefire suite" finished-at="2026-06-14T17:11:49 IST" duration-ms="60733">
    <groups>
    </groups>
    <test started-at="2026-06-14T17:10:49 IST" name="Surefire test" finished-at="2026-06-14T17:11:49 IST" duration-ms="60733">
      <class name="tests.TestRun">
        <test-method is-config="true" signature="launch()[pri:0, instance:tests.TestRun@69b2283a]" started-at="2026-06-14T17:10:49 IST" name="launch" finished-at="2026-06-14T17:11:16 IST" duration-ms="26412" status="PASS">
          <reporter-output>
          </reporter-output>
        </test-method> <!-- launch -->
        <test-method signature="PositiveLogIn(java.util.Map)[pri:0, instance:tests.TestRun@69b2283a]" started-at="2026-06-14T17:11:16 IST" name="PositiveLogIn" data-provider="getData" finished-at="2026-06-14T17:11:30 IST" duration-ms="14168" status="PASS">
          <params>
            <param index="0">
              <value>
                <![CDATA[{email=ganpat@gmail.com, password=Pass1234, cardName=ganpat Shevale, cardNumber=4111111111111111, cvc=123, month=12, year=2028}]]>
              </value>
            </param>
          </params>
          <reporter-output>
          </reporter-output>
        </test-method> <!-- PositiveLogIn -->
        <test-method is-config="true" signature="teardown()[pri:0, instance:tests.TestRun@69b2283a]" started-at="2026-06-14T17:11:30 IST" name="teardown" finished-at="2026-06-14T17:11:30 IST" duration-ms="175" status="PASS">
          <reporter-output>
          </reporter-output>
        </test-method> <!-- teardown -->
        <test-method is-config="true" signature="launch()[pri:0, instance:tests.TestRun@69b2283a]" started-at="2026-06-14T17:11:30 IST" name="launch" finished-at="2026-06-14T17:11:35 IST" duration-ms="4720" status="PASS">
          <reporter-output>
          </reporter-output>
        </test-method> <!-- launch -->
        <test-method signature="PositiveLogIn(java.util.Map)[pri:0, instance:tests.TestRun@69b2283a]" started-at="2026-06-14T17:11:35 IST" name="PositiveLogIn" data-provider="getData" finished-at="2026-06-14T17:11:49 IST" duration-ms="14210" status="PASS">
          <params>
            <param index="0">
              <value>
                <![CDATA[{email=ganpat@gmail.com, password=Pass1234, cardName=ganpat Shevale, cardNumber=4111111111111111, cvc=123, month=12, year=2028}]]>
              </value>
            </param>
          </params>
          <reporter-output>
          </reporter-output>
        </test-method> <!-- PositiveLogIn -->
        <test-method is-config="true" signature="teardown()[pri:0, instance:tests.TestRun@69b2283a]" started-at="2026-06-14T17:11:49 IST" name="teardown" finished-at="2026-06-14T17:11:49 IST" duration-ms="169" status="PASS">
          <reporter-output>
          </reporter-output>
        </test-method> <!-- teardown -->
      </class> <!-- tests.TestRun -->
    </test> <!-- Surefire test -->
  </suite> <!-- Surefire suite -->
</testng-results>
