<?xml version="1.0" encoding="UTF-8"?>
<testng-results ignored="0" total="2" passed="2" failed="0" skipped="0">
  <reporter-output>
  </reporter-output>
  <suite started-at="2026-06-06T19:16:01 IST" name="Surefire suite" finished-at="2026-06-06T19:16:46 IST" duration-ms="44837">
    <groups>
    </groups>
    <test started-at="2026-06-06T19:16:01 IST" name="Surefire test" finished-at="2026-06-06T19:16:46 IST" duration-ms="44837">
      <class name="tests.TestRun">
        <test-method is-config="true" signature="launch()[pri:0, instance:tests.TestRun@4b14c583]" started-at="2026-06-06T19:16:02 IST" name="launch" finished-at="2026-06-06T19:16:11 IST" duration-ms="8984" status="PASS">
          <reporter-output>
          </reporter-output>
        </test-method> <!-- launch -->
        <test-method signature="PositiveLogIn(java.util.Map)[pri:0, instance:tests.TestRun@4b14c583]" started-at="2026-06-06T19:16:11 IST" name="PositiveLogIn" data-provider="getData" finished-at="2026-06-06T19:16:27 IST" duration-ms="15994" status="PASS">
          <params>
            <param index="0">
              <value>
                <![CDATA[{email=ganpat@gmail.com, password=Pass1234, cardName=ganpat Shevale, cardNumber=4111111111111111, cvc=123, month=12, year=2028}]]>
              </value>
            </param>
          </params>
          <reporter-output>
          </reporter-output>
        </test-method> <!-- PositiveLogIn -->
        <test-method is-config="true" signature="teardown()[pri:0, instance:tests.TestRun@4b14c583]" started-at="2026-06-06T19:16:27 IST" name="teardown" finished-at="2026-06-06T19:16:27 IST" duration-ms="293" status="PASS">
          <reporter-output>
          </reporter-output>
        </test-method> <!-- teardown -->
        <test-method is-config="true" signature="launch()[pri:0, instance:tests.TestRun@4b14c583]" started-at="2026-06-06T19:16:27 IST" name="launch" finished-at="2026-06-06T19:16:32 IST" duration-ms="4784" status="PASS">
          <reporter-output>
          </reporter-output>
        </test-method> <!-- launch -->
        <test-method signature="PositiveLogIn(java.util.Map)[pri:0, instance:tests.TestRun@4b14c583]" started-at="2026-06-06T19:16:32 IST" name="PositiveLogIn" data-provider="getData" finished-at="2026-06-06T19:16:46 IST" duration-ms="14205" status="PASS">
          <params>
            <param index="0">
              <value>
                <![CDATA[{email=ganpat@gmail.com, password=Pass1234, cardName=ganpat Shevale, cardNumber=4111111111111111, cvc=123, month=12, year=2028}]]>
              </value>
            </param>
          </params>
          <reporter-output>
          </reporter-output>
        </test-method> <!-- PositiveLogIn -->
        <test-method is-config="true" signature="teardown()[pri:0, instance:tests.TestRun@4b14c583]" started-at="2026-06-06T19:16:46 IST" name="teardown" finished-at="2026-06-06T19:16:46 IST" duration-ms="200" status="PASS">
          <reporter-output>
          </reporter-output>
        </test-method> <!-- teardown -->
      </class> <!-- tests.TestRun -->
    </test> <!-- Surefire test -->
  </suite> <!-- Surefire suite -->
</testng-results>
