<?xml version="1.0" encoding="UTF-8"?>
<testsuite xmlns:xsi="http://www.w3.org/2001/XMLSchema-instance" xsi:noNamespaceSchemaLocation="https://maven.apache.org/surefire/maven-surefire-plugin/xsd/surefire-test-report-3.0.xsd" version="3.0" name="TestSuite" time="62.568" tests="2" errors="0" skipped="0" failures="0">
  <properties>
[...]
</properties>
  <testcase name="PositiveLogIn[{email=ganpat@gmail.com, password=Pass1234, cardName=ganpat Shevale, cardNumber=4111111111111111, cvc=123, month=12, year=2028}](1)" classname="tests.TestRun" time="14.16">
    <system-out><![CDATA[Browser = chrome
Checking : Blue Top - Jenkins Poll SCM Test verify push
40
Checking : Blue Top
Checking : Men Tshirt
Checking : Sleeveless Dress
Congratulations! Your order has been confirmed!
]]></system-out>
    <system-err><![CDATA[SLF4J(W): No SLF4J providers were found.
SLF4J(W): Defaulting to no-operation (NOP) logger implementation
SLF4J(W): See https://www.slf4j.org/codes.html#noProviders for further details.
Jun 14, 2026 5:11:12 PM org.openqa.selenium.devtools.CdpVersionFinder findNearestMatch
WARNING: Unable to find an exact match for CDP version 149, returning the closest version; found: 148; Please update to a Selenium version that supports CDP version 149
]]></system-err>
  </testcase>
  <testcase name="PositiveLogIn[{email=ganpat@gmail.com, password=Pass1234, cardName=ganpat Shevale, cardNumber=4111111111111111, cvc=123, month=12, year=2028}](2)" classname="tests.TestRun" time="14.211">
    <system-out><![CDATA[Browser = chrome
Checking : Blue Top - Jenkins Poll SCM Test verify push
40
Checking : Blue Top
Checking : Men Tshirt
Checking : Sleeveless Dress
Congratulations! Your order has been confirmed!
]]></system-out>
    <system-err><![CDATA[Jun 14, 2026 5:11:31 PM org.openqa.selenium.devtools.CdpVersionFinder findNearestMatch
WARNING: Unable to find an exact match for CDP version 149, returning the closest version; found: 148; Please update to a Selenium version that supports CDP version 149
]]></system-err>
  </testcase>
</testsuite>